<?xml version="1.0" encoding="utf-8" standalone="no"?>
<test-run id="0" runstate="Runnable" testcasecount="1" result="Passed" total="1" passed="1" failed="0" warnings="0" inconclusive="0" skipped="0" asserts="1" engine-version="3.15.4.0" clr-version="6.0.21" start-time="2023-09-01 12:42:15Z" end-time="2023-09-01 12:42:26Z" duration="11.145861">
  <command-line><![CDATA[C:\Mine\Software\NUnit.Console-3.15.4\bin\net6.0\nunit3-console.dll RedBusAutomation\bin\Debug\net6.0\RedBusAutomation.dll]]></command-line>
  <test-suite type="Assembly" id="1-1002" name="RedBusAutomation.dll" fullname="C:/Mine/Company/Unisys Aug 2023/AutomationSolution/RedBusAutomation/bin/Debug/net6.0/RedBusAutomation.dll" runstate="Runnable" testcasecount="1" result="Passed" start-time="2023-09-01T12:42:15.7437652Z" end-time="2023-09-01T12:42:26.6420003Z" duration="10.898180" total="1" passed="1" failed="0" warnings="0" inconclusive="0" skipped="0" asserts="1">
    <environment framework-version="3.13.3.0" clr-version="6.0.21" os-version="Microsoft Windows 10.0.19045" platform="Win32NT" cwd="C:\Mine\Company\Unisys Aug 2023\AutomationSolution" machine-name="DESKTOP-CJA0QNI" user="Balaji_Dinakaran" user-domain="DESKTOP-CJA0QNI" culture="en-IN" uiculture="en-GB" os-architecture="x64" />
    <settings>
      <setting name="DisposeRunners" value="True" />
      <setting name="WorkDirectory" value="C:\Mine\Company\Unisys Aug 2023\AutomationSolution" />
      <setting name="NumberOfTestWorkers" value="8" />
    </settings>
    <properties>
      <property name="_PID" value="3648" />
      <property name="_APPDOMAIN" value="nunit3-console" />
    </properties>
    <test-suite type="TestSuite" id="1-1003" name="RedBusAutomation" fullname="RedBusAutomation" runstate="Runnable" testcasecount="1" result="Passed" start-time="2023-09-01T12:42:15.7508402Z" end-time="2023-09-01T12:42:26.6419866Z" duration="10.891147" total="1" passed="1" failed="0" warnings="0" inconclusive="0" skipped="0" asserts="1">
      <test-suite type="TestFixture" id="1-1000" name="LoginUITest" fullname="RedBusAutomation.LoginUITest" classname="RedBusAutomation.LoginUITest" runstate="Runnable" testcasecount="1" result="Passed" start-time="2023-09-01T12:42:15.7526277Z" end-time="2023-09-01T12:42:26.6415072Z" duration="10.888880" total="1" passed="1" failed="0" warnings="0" inconclusive="0" skipped="0" asserts="1">
        <output><![CDATA[C:\Mine\Company\Unisys Aug 2023\AutomationSolution\RedBusAutomation\bin\Debug\net6.0
]]></output>
        <test-case id="1-1001" name="ValidateTitleTest" fullname="RedBusAutomation.LoginUITest.ValidateTitleTest" methodname="ValidateTitleTest" classname="RedBusAutomation.LoginUITest" runstate="Runnable" seed="714396159" result="Passed" start-time="2023-09-01T12:42:16.2068909Z" end-time="2023-09-01T12:42:22.2261263Z" duration="6.019322" asserts="1" />
      </test-suite>
    </test-suite>
  </test-suite>
</test-run>